<?xml version="1.0" encoding="UTF-8"?>
<!-- Generated by org.testng.reporters.JUnitReportReporter -->
<testsuite skipped="0" hostname="DESKTOP-1QIO4VG" name="com.test.Insight.DelhaizeAutmation" tests="1" failures="0" timestamp="02 Jun 2020 14:57:55 GMT" time="880.427" errors="0">
  <testcase name="Delhaize_Automation" time="880.427" classname="com.test.Insight.DelhaizeAutmation"/>
</testsuite> <!-- com.test.Insight.DelhaizeAutmation -->
